<?xml version="1.0" encoding="UTF-8"?>
<TestRun id="f5605c4b-1ce8-4012-94ba-3dc696d17129" name="astor@DESKTOP-AEIC0BN 2018-11-23 01:57:02" runUser="DESKTOP-AEIC0BN\astor" xmlns="http://microsoft.com/schemas/VisualStudio/TeamTest/2010">
  <TestSettings name="Local" id="2ec18f55-7965-4b69-bb9c-6f4ca98ba18a">
    <Description>These are default test settings for a local test run.</Description>
    <Deployment enabled="false" runDeploymentRoot="astor_DESKTOP-AEIC0BN 2018-11-23 01_57_02">
      <DeploymentItem filename="C:\Users\astor\PexResearchTools\codeSimilarity\editedMetaProject\bin\Debug\meta_project1525456207.dll" />
    </Deployment>
    <Execution>
      <TestTypeSpecific />
      <AgentRule name="Execution Agents">
      </AgentRule>
    </Execution>
  </TestSettings>
  <Times creation="2018-11-23T01:57:02.9436271-06:00" queuing="2018-11-23T01:57:03.0194217-06:00" start="2018-11-23T01:57:03.0234110-06:00" finish="2018-11-23T01:57:03.3186200-06:00" />
  <ResultSummary outcome="Failed">
    <Counters total="1" executed="1" error="0" failed="1" timeout="0" aborted="0" inconclusive="0" passedButRunAborted="0" notRunnable="0" notExecuted="0" disconnected="0" warning="0" passed="0" completed="0" inProgress="0" pending="0" />
  </ResultSummary>
  <TestDefinitions>
    <UnitTest name="AllElementsInListAreNOTDistinct" storage="c:\users\astor\pexresearchtools\codesimilarity\editedmetaproject\testproject1\bin\debug\testproject1.dll" id="bc82a34e-7e79-e7b6-d927-cc71e6a625c4">
      <Execution id="b9102fef-69ae-49da-b07d-87d4a31d8be9" />
      <TestMethod codeBase="C:/Users/astor/PexResearchTools/codeSimilarity/editedMetaProject/TestProject1/bin/Debug/TestProject1.DLL" adapterTypeName="Microsoft.VisualStudio.TestTools.TestTypes.Unit.UnitTestAdapter, Microsoft.VisualStudio.QualityTools.Tips.UnitTest.Adapter, Version=10.0.0.0, Culture=neutral, PublicKeyToken=b03f5f7f11d50a3a" className="TestProject1.UnitTest1, TestProject1, Version=1.0.0.0, Culture=neutral, PublicKeyToken=null" name="AllElementsInListAreNOTDistinct" />
    </UnitTest>
  </TestDefinitions>
  <TestLists>
    <TestList name="Results Not in a List" id="8c84fa94-04c1-424b-9868-57a2d4851a1d" />
    <TestList name="All Loaded Results" id="19431567-8539-422a-85d7-44ee4e166bda" />
  </TestLists>
  <TestEntries>
    <TestEntry testId="bc82a34e-7e79-e7b6-d927-cc71e6a625c4" executionId="b9102fef-69ae-49da-b07d-87d4a31d8be9" testListId="8c84fa94-04c1-424b-9868-57a2d4851a1d" />
  </TestEntries>
  <Results>
    <UnitTestResult executionId="b9102fef-69ae-49da-b07d-87d4a31d8be9" testId="bc82a34e-7e79-e7b6-d927-cc71e6a625c4" testName="AllElementsInListAreNOTDistinct" computerName="DESKTOP-AEIC0BN" duration="00:00:00.0244104" startTime="2018-11-23T01:57:03.0264032-06:00" endTime="2018-11-23T01:57:03.2787286-06:00" testType="13cdc9d9-ddb5-4fa4-a97d-d965ccfc6d4b" outcome="Failed" testListId="8c84fa94-04c1-424b-9868-57a2d4851a1d" relativeResultsDirectory="b9102fef-69ae-49da-b07d-87d4a31d8be9">
      <Output>
        <DebugTrace>here
</DebugTrace>
        <ErrorInfo>
          <Message>Assert.IsTrue failed. </Message>
          <StackTrace>   at TestProject1.UnitTest1.AllElementsInListAreNOTDistinct() in C:\Users\astor\PexResearchTools\codeSimilarity\editedMetaProject\TestProject1\UnitTest1.cs:line 32
</StackTrace>
        </ErrorInfo>
      </Output>
    </UnitTestResult>
  </Results>
</TestRun>