<?xml version="1.0" encoding="UTF-8"?>
<TestRun id="47caa95f-8ced-47b6-b8c1-1ecc91807e19" name="astor@DESKTOP-AEIC0BN 2018-11-23 02:22:05" runUser="DESKTOP-AEIC0BN\astor" xmlns="http://microsoft.com/schemas/VisualStudio/TeamTest/2010">
  <TestSettings name="Local" id="2ec18f55-7965-4b69-bb9c-6f4ca98ba18a">
    <Description>These are default test settings for a local test run.</Description>
    <Deployment enabled="false" runDeploymentRoot="astor_DESKTOP-AEIC0BN 2018-11-23 02_22_05">
      <DeploymentItem filename="C:\Users\astor\PexResearchTools\codeSimilarity\editedMetaProject\bin\Debug\meta_project1525456207.dll" />
    </Deployment>
    <Execution>
      <TestTypeSpecific />
      <AgentRule name="Execution Agents">
      </AgentRule>
    </Execution>
  </TestSettings>
  <Times creation="2018-11-23T02:22:05.8409558-06:00" queuing="2018-11-23T02:22:05.9057640-06:00" start="2018-11-23T02:22:05.9107505-06:00" finish="2018-11-23T02:22:06.1750447-06:00" />
  <ResultSummary outcome="Completed">
    <Counters total="1" executed="1" passed="1" error="0" failed="0" timeout="0" aborted="0" inconclusive="0" passedButRunAborted="0" notRunnable="0" notExecuted="0" disconnected="0" warning="0" completed="0" inProgress="0" pending="0" />
  </ResultSummary>
  <TestDefinitions>
    <UnitTest name="IsInLastWithZeros" storage="c:\users\astor\pexresearchtools\codesimilarity\editedmetaproject\testproject1\bin\debug\testproject1.dll" id="335edcf3-f3af-0141-9916-2079610094db">
      <Execution id="640781d6-5710-4220-adb9-116000ff310c" />
      <TestMethod codeBase="C:/Users/astor/PexResearchTools/codeSimilarity/editedMetaProject/TestProject1/bin/Debug/TestProject1.DLL" adapterTypeName="Microsoft.VisualStudio.TestTools.TestTypes.Unit.UnitTestAdapter, Microsoft.VisualStudio.QualityTools.Tips.UnitTest.Adapter, Version=10.0.0.0, Culture=neutral, PublicKeyToken=b03f5f7f11d50a3a" className="TestProject1.UnitTest1, TestProject1, Version=1.0.0.0, Culture=neutral, PublicKeyToken=null" name="IsInLastWithZeros" />
    </UnitTest>
  </TestDefinitions>
  <TestLists>
    <TestList name="Results Not in a List" id="8c84fa94-04c1-424b-9868-57a2d4851a1d" />
    <TestList name="All Loaded Results" id="19431567-8539-422a-85d7-44ee4e166bda" />
  </TestLists>
  <TestEntries>
    <TestEntry testId="335edcf3-f3af-0141-9916-2079610094db" executionId="640781d6-5710-4220-adb9-116000ff310c" testListId="8c84fa94-04c1-424b-9868-57a2d4851a1d" />
  </TestEntries>
  <Results>
    <UnitTestResult executionId="640781d6-5710-4220-adb9-116000ff310c" testId="335edcf3-f3af-0141-9916-2079610094db" testName="IsInLastWithZeros" computerName="DESKTOP-AEIC0BN" duration="00:00:00.0120078" startTime="2018-11-23T02:22:05.9127444-06:00" endTime="2018-11-23T02:22:06.1630759-06:00" testType="13cdc9d9-ddb5-4fa4-a97d-d965ccfc6d4b" outcome="Passed" testListId="8c84fa94-04c1-424b-9868-57a2d4851a1d" relativeResultsDirectory="640781d6-5710-4220-adb9-116000ff310c">
    </UnitTestResult>
  </Results>
</TestRun>