<?xml version="1.0" encoding="UTF-8"?>
<TestRun id="3ef297ed-96c3-4ea0-9498-5e8eb17db9b7" name="astor@DESKTOP-AEIC0BN 2018-11-23 01:58:09" runUser="DESKTOP-AEIC0BN\astor" xmlns="http://microsoft.com/schemas/VisualStudio/TeamTest/2010">
  <TestSettings name="Local" id="2ec18f55-7965-4b69-bb9c-6f4ca98ba18a">
    <Description>These are default test settings for a local test run.</Description>
    <Deployment enabled="false" runDeploymentRoot="astor_DESKTOP-AEIC0BN 2018-11-23 01_58_09">
      <DeploymentItem filename="C:\Users\astor\PexResearchTools\codeSimilarity\editedMetaProject\bin\Debug\meta_project1525456207.dll" />
    </Deployment>
    <Execution>
      <TestTypeSpecific />
      <AgentRule name="Execution Agents">
      </AgentRule>
    </Execution>
  </TestSettings>
  <Times creation="2018-11-23T01:58:09.4470343-06:00" queuing="2018-11-23T01:58:09.5136804-06:00" start="2018-11-23T01:58:09.5176642-06:00" finish="2018-11-23T01:58:09.7839061-06:00" />
  <ResultSummary outcome="Completed">
    <Counters total="5" executed="5" passed="5" error="0" failed="0" timeout="0" aborted="0" inconclusive="0" passedButRunAborted="0" notRunnable="0" notExecuted="0" disconnected="0" warning="0" completed="0" inProgress="0" pending="0" />
  </ResultSummary>
  <TestDefinitions>
    <UnitTest name="AllElementsInListAreDistinct" storage="c:\users\astor\pexresearchtools\codesimilarity\editedmetaproject\testproject1\bin\debug\testproject1.dll" id="03a92674-7627-5beb-1d2b-5ba699151be0">
      <Execution id="df74d889-bf72-4662-a1d5-60bf08f1b84c" />
      <TestMethod codeBase="C:/Users/astor/PexResearchTools/codeSimilarity/editedMetaProject/TestProject1/bin/Debug/TestProject1.DLL" adapterTypeName="Microsoft.VisualStudio.TestTools.TestTypes.Unit.UnitTestAdapter, Microsoft.VisualStudio.QualityTools.Tips.UnitTest.Adapter, Version=10.0.0.0, Culture=neutral, PublicKeyToken=b03f5f7f11d50a3a" className="TestProject1.UnitTest1, TestProject1, Version=1.0.0.0, Culture=neutral, PublicKeyToken=null" name="AllElementsInListAreDistinct" />
    </UnitTest>
    <UnitTest name="AllElementsInListAreDistinctWithLength4" storage="c:\users\astor\pexresearchtools\codesimilarity\editedmetaproject\testproject1\bin\debug\testproject1.dll" id="3489d7dc-c94d-26cf-1fc2-38b48139480f">
      <Execution id="1b3eefee-aa18-461a-810d-1ef36b9ca86e" />
      <TestMethod codeBase="C:/Users/astor/PexResearchTools/codeSimilarity/editedMetaProject/TestProject1/bin/Debug/TestProject1.DLL" adapterTypeName="Microsoft.VisualStudio.TestTools.TestTypes.Unit.UnitTestAdapter, Microsoft.VisualStudio.QualityTools.Tips.UnitTest.Adapter, Version=10.0.0.0, Culture=neutral, PublicKeyToken=b03f5f7f11d50a3a" className="TestProject1.UnitTest1, TestProject1, Version=1.0.0.0, Culture=neutral, PublicKeyToken=null" name="AllElementsInListAreDistinctWithLength4" />
    </UnitTest>
    <UnitTest name="AllElementsInListAreNOTDistinctWithZeros" storage="c:\users\astor\pexresearchtools\codesimilarity\editedmetaproject\testproject1\bin\debug\testproject1.dll" id="2059a2e7-ed70-2a68-a970-f51b9f4caa20">
      <Execution id="086ea810-2ad8-4c90-ad98-f9dbb96228e4" />
      <TestMethod codeBase="C:/Users/astor/PexResearchTools/codeSimilarity/editedMetaProject/TestProject1/bin/Debug/TestProject1.DLL" adapterTypeName="Microsoft.VisualStudio.TestTools.TestTypes.Unit.UnitTestAdapter, Microsoft.VisualStudio.QualityTools.Tips.UnitTest.Adapter, Version=10.0.0.0, Culture=neutral, PublicKeyToken=b03f5f7f11d50a3a" className="TestProject1.UnitTest1, TestProject1, Version=1.0.0.0, Culture=neutral, PublicKeyToken=null" name="AllElementsInListAreNOTDistinctWithZeros" />
    </UnitTest>
    <UnitTest name="AllElementsInListAreNOTDistinctWithLength4" storage="c:\users\astor\pexresearchtools\codesimilarity\editedmetaproject\testproject1\bin\debug\testproject1.dll" id="455606f7-eddb-a1e5-7265-8a5d67577209">
      <Execution id="7d92ebf2-b1cf-4412-8b3a-0228d08de6db" />
      <TestMethod codeBase="C:/Users/astor/PexResearchTools/codeSimilarity/editedMetaProject/TestProject1/bin/Debug/TestProject1.DLL" adapterTypeName="Microsoft.VisualStudio.TestTools.TestTypes.Unit.UnitTestAdapter, Microsoft.VisualStudio.QualityTools.Tips.UnitTest.Adapter, Version=10.0.0.0, Culture=neutral, PublicKeyToken=b03f5f7f11d50a3a" className="TestProject1.UnitTest1, TestProject1, Version=1.0.0.0, Culture=neutral, PublicKeyToken=null" name="AllElementsInListAreNOTDistinctWithLength4" />
    </UnitTest>
    <UnitTest name="AllElementsInListAreNOTDistinct" storage="c:\users\astor\pexresearchtools\codesimilarity\editedmetaproject\testproject1\bin\debug\testproject1.dll" id="bc82a34e-7e79-e7b6-d927-cc71e6a625c4">
      <Execution id="60be22d4-fa06-49ab-ab6d-81cfa0635862" />
      <TestMethod codeBase="C:/Users/astor/PexResearchTools/codeSimilarity/editedMetaProject/TestProject1/bin/Debug/TestProject1.DLL" adapterTypeName="Microsoft.VisualStudio.TestTools.TestTypes.Unit.UnitTestAdapter, Microsoft.VisualStudio.QualityTools.Tips.UnitTest.Adapter, Version=10.0.0.0, Culture=neutral, PublicKeyToken=b03f5f7f11d50a3a" className="TestProject1.UnitTest1, TestProject1, Version=1.0.0.0, Culture=neutral, PublicKeyToken=null" name="AllElementsInListAreNOTDistinct" />
    </UnitTest>
  </TestDefinitions>
  <TestLists>
    <TestList name="Results Not in a List" id="8c84fa94-04c1-424b-9868-57a2d4851a1d" />
    <TestList name="All Loaded Results" id="19431567-8539-422a-85d7-44ee4e166bda" />
  </TestLists>
  <TestEntries>
    <TestEntry testId="03a92674-7627-5beb-1d2b-5ba699151be0" executionId="df74d889-bf72-4662-a1d5-60bf08f1b84c" testListId="8c84fa94-04c1-424b-9868-57a2d4851a1d" />
    <TestEntry testId="2059a2e7-ed70-2a68-a970-f51b9f4caa20" executionId="086ea810-2ad8-4c90-ad98-f9dbb96228e4" testListId="8c84fa94-04c1-424b-9868-57a2d4851a1d" />
    <TestEntry testId="3489d7dc-c94d-26cf-1fc2-38b48139480f" executionId="1b3eefee-aa18-461a-810d-1ef36b9ca86e" testListId="8c84fa94-04c1-424b-9868-57a2d4851a1d" />
    <TestEntry testId="455606f7-eddb-a1e5-7265-8a5d67577209" executionId="7d92ebf2-b1cf-4412-8b3a-0228d08de6db" testListId="8c84fa94-04c1-424b-9868-57a2d4851a1d" />
    <TestEntry testId="bc82a34e-7e79-e7b6-d927-cc71e6a625c4" executionId="60be22d4-fa06-49ab-ab6d-81cfa0635862" testListId="8c84fa94-04c1-424b-9868-57a2d4851a1d" />
  </TestEntries>
  <Results>
    <UnitTestResult executionId="df74d889-bf72-4662-a1d5-60bf08f1b84c" testId="03a92674-7627-5beb-1d2b-5ba699151be0" testName="AllElementsInListAreDistinct" computerName="DESKTOP-AEIC0BN" duration="00:00:00.0117981" startTime="2018-11-23T01:58:09.5215971-06:00" endTime="2018-11-23T01:58:09.7599721-06:00" testType="13cdc9d9-ddb5-4fa4-a97d-d965ccfc6d4b" outcome="Passed" testListId="8c84fa94-04c1-424b-9868-57a2d4851a1d" relativeResultsDirectory="df74d889-bf72-4662-a1d5-60bf08f1b84c">
    </UnitTestResult>
    <UnitTestResult executionId="086ea810-2ad8-4c90-ad98-f9dbb96228e4" testId="2059a2e7-ed70-2a68-a970-f51b9f4caa20" testName="AllElementsInListAreNOTDistinctWithZeros" computerName="DESKTOP-AEIC0BN" duration="00:00:00.0003294" startTime="2018-11-23T01:58:09.7609673-06:00" endTime="2018-11-23T01:58:09.7639843-06:00" testType="13cdc9d9-ddb5-4fa4-a97d-d965ccfc6d4b" outcome="Passed" testListId="8c84fa94-04c1-424b-9868-57a2d4851a1d" relativeResultsDirectory="086ea810-2ad8-4c90-ad98-f9dbb96228e4">
      <Output>
        <DebugTrace>here
</DebugTrace>
      </Output>
    </UnitTestResult>
    <UnitTestResult executionId="1b3eefee-aa18-461a-810d-1ef36b9ca86e" testId="3489d7dc-c94d-26cf-1fc2-38b48139480f" testName="AllElementsInListAreDistinctWithLength4" computerName="DESKTOP-AEIC0BN" duration="00:00:00.0001378" startTime="2018-11-23T01:58:09.7649566-06:00" endTime="2018-11-23T01:58:09.7669524-06:00" testType="13cdc9d9-ddb5-4fa4-a97d-d965ccfc6d4b" outcome="Passed" testListId="8c84fa94-04c1-424b-9868-57a2d4851a1d" relativeResultsDirectory="1b3eefee-aa18-461a-810d-1ef36b9ca86e">
    </UnitTestResult>
    <UnitTestResult executionId="7d92ebf2-b1cf-4412-8b3a-0228d08de6db" testId="455606f7-eddb-a1e5-7265-8a5d67577209" testName="AllElementsInListAreNOTDistinctWithLength4" computerName="DESKTOP-AEIC0BN" duration="00:00:00.0003460" startTime="2018-11-23T01:58:09.7679508-06:00" endTime="2018-11-23T01:58:09.7709426-06:00" testType="13cdc9d9-ddb5-4fa4-a97d-d965ccfc6d4b" outcome="Passed" testListId="8c84fa94-04c1-424b-9868-57a2d4851a1d" relativeResultsDirectory="7d92ebf2-b1cf-4412-8b3a-0228d08de6db">
      <Output>
        <DebugTrace>here
</DebugTrace>
      </Output>
    </UnitTestResult>
    <UnitTestResult executionId="60be22d4-fa06-49ab-ab6d-81cfa0635862" testId="bc82a34e-7e79-e7b6-d927-cc71e6a625c4" testName="AllElementsInListAreNOTDistinct" computerName="DESKTOP-AEIC0BN" duration="00:00:00.0003666" startTime="2018-11-23T01:58:09.7719389-06:00" endTime="2018-11-23T01:58:09.7749315-06:00" testType="13cdc9d9-ddb5-4fa4-a97d-d965ccfc6d4b" outcome="Passed" testListId="8c84fa94-04c1-424b-9868-57a2d4851a1d" relativeResultsDirectory="60be22d4-fa06-49ab-ab6d-81cfa0635862">
      <Output>
        <DebugTrace>here
</DebugTrace>
      </Output>
    </UnitTestResult>
  </Results>
</TestRun>